Mar 30, 2015 7:17:25 PM org.apache.catalina.core.AprLifecycleListener init
INFO: The APR based Apache Tomcat Native library which allows optimal performance in production environments was not found on the java.library.path: /Users/liang/Library/Java/Extensions:/Library/Java/Extensions:/Network/Library/Java/Extensions:/System/Library/Java/Extensions:/usr/lib/java:.
Mar 30, 2015 7:17:26 PM org.apache.tomcat.util.digester.SetPropertiesRule begin
WARNING: [SetPropertiesRule]{Server/Service/Engine/Host} Setting property 'debug' to '1' did not find a matching property.
Mar 30, 2015 7:17:27 PM org.apache.coyote.http11.Http11Protocol init
INFO: Initializing Coyote HTTP/1.1 on http-8080
Mar 30, 2015 7:17:27 PM org.apache.catalina.startup.Catalina load
INFO: Initialization processed in 1931 ms
Mar 30, 2015 7:17:27 PM org.apache.catalina.core.StandardService start
INFO: Starting service Catalina
Mar 30, 2015 7:17:27 PM org.apache.catalina.core.StandardEngine start
INFO: Starting Servlet Engine: Apache Tomcat/6.0.43
Mar 30, 2015 7:17:27 PM org.apache.catalina.loader.WebappClassLoader validateJarFile
INFO: validateJarFile(/Users/liang/coding/smvc-test/control/apache/webapps/smvc-test/WEB-INF/lib/servlet-api-2.5.jar) - jar not loaded. See Servlet Spec 2.3, section 9.7.2. Offending class: javax/servlet/Servlet.class
Mar 30, 2015 7:17:28 PM org.springframework.web.servlet.DispatcherServlet initServletBean
INFO: FrameworkServlet 'mvc-dispatcher': initialization started
Mar 30, 2015 7:17:28 PM org.springframework.web.context.support.XmlWebApplicationContext prepareRefresh
INFO: Refreshing WebApplicationContext for namespace 'mvc-dispatcher-servlet': startup date [Mon Mar 30 19:17:28 CST 2015]; root of context hierarchy
Mar 30, 2015 7:17:28 PM org.springframework.beans.factory.xml.XmlBeanDefinitionReader loadBeanDefinitions
INFO: Loading XML bean definitions from ServletContext resource [/WEB-INF/mvc-dispatcher-servlet.xml]
Mar 30, 2015 7:17:29 PM org.springframework.web.servlet.mvc.annotation.DefaultAnnotationHandlerMapping registerHandler
INFO: Root mapping to handler 'helloController'
Mar 30, 2015 7:17:29 PM org.springframework.web.servlet.DispatcherServlet initServletBean
INFO: FrameworkServlet 'mvc-dispatcher': initialization completed in 1290 ms
Mar 30, 2015 7:17:29 PM org.apache.catalina.startup.HostConfig deployDescriptor
INFO: Deploying configuration descriptor host-manager.xml
Mar 30, 2015 7:17:29 PM org.apache.catalina.core.StandardContext resourcesStart
SEVERE: Error starting static Resources
java.lang.IllegalArgumentException: Document base /Users/liang/coding/smvc-test/control/apache/webapps/host-manager does not exist or is not a readable directory
	at org.apache.naming.resources.FileDirContext.setDocBase(FileDirContext.java:142)
	at org.apache.catalina.core.StandardContext.resourcesStart(StandardContext.java:4324)
	at org.apache.catalina.core.StandardContext.start(StandardContext.java:4493)
	at org.apache.catalina.core.ContainerBase.addChildInternal(ContainerBase.java:802)
	at org.apache.catalina.core.ContainerBase.addChild(ContainerBase.java:779)
	at org.apache.catalina.core.StandardHost.addChild(StandardHost.java:583)
	at org.apache.catalina.startup.HostConfig.deployDescriptor(HostConfig.java:675)
	at org.apache.catalina.startup.HostConfig.deployDescriptors(HostConfig.java:601)
	at org.apache.catalina.startup.HostConfig.deployApps(HostConfig.java:502)
	at org.apache.catalina.startup.HostConfig.start(HostConfig.java:1317)
	at org.apache.catalina.startup.HostConfig.lifecycleEvent(HostConfig.java:324)
	at org.apache.catalina.util.LifecycleSupport.fireLifecycleEvent(LifecycleSupport.java:142)
	at org.apache.catalina.core.ContainerBase.start(ContainerBase.java:1068)
	at org.apache.catalina.core.StandardHost.start(StandardHost.java:822)
	at org.apache.catalina.core.ContainerBase.start(ContainerBase.java:1060)
	at org.apache.catalina.core.StandardEngine.start(StandardEngine.java:463)
	at org.apache.catalina.core.StandardService.start(StandardService.java:525)
	at org.apache.catalina.core.StandardServer.start(StandardServer.java:759)
	at org.apache.catalina.startup.Catalina.start(Catalina.java:595)
	at sun.reflect.NativeMethodAccessorImpl.invoke0(Native Method)
	at sun.reflect.NativeMethodAccessorImpl.invoke(NativeMethodAccessorImpl.java:57)
	at sun.reflect.DelegatingMethodAccessorImpl.invoke(DelegatingMethodAccessorImpl.java:43)
	at java.lang.reflect.Method.invoke(Method.java:606)
	at org.apache.catalina.startup.Bootstrap.start(Bootstrap.java:289)
	at org.apache.catalina.startup.Bootstrap.main(Bootstrap.java:414)

Mar 30, 2015 7:17:29 PM org.apache.catalina.core.StandardContext start
SEVERE: Error in resourceStart()
Mar 30, 2015 7:17:29 PM org.apache.catalina.core.StandardContext start
SEVERE: Error getConfigured
Mar 30, 2015 7:17:29 PM org.apache.catalina.core.StandardContext start
SEVERE: Context [/host-manager] startup failed due to previous errors
Mar 30, 2015 7:17:29 PM org.apache.catalina.core.StandardContext stop
INFO: Container org.apache.catalina.core.ContainerBase.[Catalina].[localhost].[/host-manager] has not been started
Mar 30, 2015 7:17:29 PM org.apache.catalina.startup.HostConfig deployDescriptor
INFO: Deploying configuration descriptor manager.xml
Mar 30, 2015 7:17:29 PM org.apache.catalina.core.StandardContext resourcesStart
SEVERE: Error starting static Resources
java.lang.IllegalArgumentException: Document base /Users/liang/coding/smvc-test/control/apache/webapps/manager does not exist or is not a readable directory
	at org.apache.naming.resources.FileDirContext.setDocBase(FileDirContext.java:142)
	at org.apache.catalina.core.StandardContext.resourcesStart(StandardContext.java:4324)
	at org.apache.catalina.core.StandardContext.start(StandardContext.java:4493)
	at org.apache.catalina.core.ContainerBase.addChildInternal(ContainerBase.java:802)
	at org.apache.catalina.core.ContainerBase.addChild(ContainerBase.java:779)
	at org.apache.catalina.core.StandardHost.addChild(StandardHost.java:583)
	at org.apache.catalina.startup.HostConfig.deployDescriptor(HostConfig.java:675)
	at org.apache.catalina.startup.HostConfig.deployDescriptors(HostConfig.java:601)
	at org.apache.catalina.startup.HostConfig.deployApps(HostConfig.java:502)
	at org.apache.catalina.startup.HostConfig.start(HostConfig.java:1317)
	at org.apache.catalina.startup.HostConfig.lifecycleEvent(HostConfig.java:324)
	at org.apache.catalina.util.LifecycleSupport.fireLifecycleEvent(LifecycleSupport.java:142)
	at org.apache.catalina.core.ContainerBase.start(ContainerBase.java:1068)
	at org.apache.catalina.core.StandardHost.start(StandardHost.java:822)
	at org.apache.catalina.core.ContainerBase.start(ContainerBase.java:1060)
	at org.apache.catalina.core.StandardEngine.start(StandardEngine.java:463)
	at org.apache.catalina.core.StandardService.start(StandardService.java:525)
	at org.apache.catalina.core.StandardServer.start(StandardServer.java:759)
	at org.apache.catalina.startup.Catalina.start(Catalina.java:595)
	at sun.reflect.NativeMethodAccessorImpl.invoke0(Native Method)
	at sun.reflect.NativeMethodAccessorImpl.invoke(NativeMethodAccessorImpl.java:57)
	at sun.reflect.DelegatingMethodAccessorImpl.invoke(DelegatingMethodAccessorImpl.java:43)
	at java.lang.reflect.Method.invoke(Method.java:606)
	at org.apache.catalina.startup.Bootstrap.start(Bootstrap.java:289)
	at org.apache.catalina.startup.Bootstrap.main(Bootstrap.java:414)

Mar 30, 2015 7:17:29 PM org.apache.catalina.core.StandardContext start
SEVERE: Error in resourceStart()
Mar 30, 2015 7:17:29 PM org.apache.catalina.core.StandardContext start
SEVERE: Error getConfigured
Mar 30, 2015 7:17:29 PM org.apache.catalina.core.StandardContext start
SEVERE: Context [/manager] startup failed due to previous errors
Mar 30, 2015 7:17:29 PM org.apache.catalina.core.StandardContext stop
INFO: Container org.apache.catalina.core.ContainerBase.[Catalina].[localhost].[/manager] has not been started
Mar 30, 2015 7:17:29 PM org.apache.coyote.http11.Http11Protocol start
INFO: Starting Coyote HTTP/1.1 on http-8080
Mar 30, 2015 7:17:29 PM org.apache.jk.common.ChannelSocket init
INFO: JK: ajp13 listening on /0.0.0.0:8009
Mar 30, 2015 7:17:29 PM org.apache.jk.server.JkMain start
INFO: Jk running ID=0 time=0/39  config=null
Mar 30, 2015 7:17:29 PM org.apache.catalina.startup.Catalina start
INFO: Server startup in 2667 ms
Mar 30, 2015 7:18:12 PM org.apache.coyote.http11.Http11Protocol pause
INFO: Pausing Coyote HTTP/1.1 on http-8080
Mar 30, 2015 7:18:14 PM org.apache.catalina.core.StandardService stop
INFO: Stopping service Catalina
Mar 30, 2015 7:18:14 PM org.springframework.web.context.support.XmlWebApplicationContext doClose
INFO: Closing WebApplicationContext for namespace 'mvc-dispatcher-servlet': startup date [Mon Mar 30 19:17:28 CST 2015]; root of context hierarchy
Mar 30, 2015 7:18:14 PM org.apache.coyote.http11.Http11Protocol destroy
INFO: Stopping Coyote HTTP/1.1 on http-8080
