Mar 22, 2015 11:07:22 AM org.apache.catalina.core.AprLifecycleListener init
INFO: The APR based Apache Tomcat Native library which allows optimal performance in production environments was not found on the java.library.path: /Users/liang/Library/Java/Extensions:/Library/Java/Extensions:/Network/Library/Java/Extensions:/System/Library/Java/Extensions:/usr/lib/java:.
Mar 22, 2015 11:07:22 AM org.apache.tomcat.util.digester.SetPropertiesRule begin
WARNING: [SetPropertiesRule]{Server/Service/Engine/Host} Setting property 'debug' to '1' did not find a matching property.
Mar 22, 2015 11:07:23 AM org.apache.coyote.http11.Http11Protocol init
INFO: Initializing Coyote HTTP/1.1 on http-8080
Mar 22, 2015 11:07:23 AM org.apache.catalina.startup.Catalina load
INFO: Initialization processed in 1513 ms
Mar 22, 2015 11:07:23 AM org.apache.catalina.core.StandardService start
INFO: Starting service Catalina
Mar 22, 2015 11:07:23 AM org.apache.catalina.core.StandardEngine start
INFO: Starting Servlet Engine: Apache Tomcat/6.0.43
Mar 22, 2015 11:07:39 AM org.apache.catalina.startup.HostConfig deployDescriptor
INFO: Deploying configuration descriptor host-manager.xml
Mar 22, 2015 11:07:39 AM org.apache.catalina.core.StandardContext resourcesStart
SEVERE: Error starting static Resources
java.lang.IllegalArgumentException: Document base /Users/liang/coding/webx3-templates/control/apache/webapps/host-manager does not exist or is not a readable directory
	at org.apache.naming.resources.FileDirContext.setDocBase(FileDirContext.java:142)
	at org.apache.catalina.core.StandardContext.resourcesStart(StandardContext.java:4324)
	at org.apache.catalina.core.StandardContext.start(StandardContext.java:4493)
	at org.apache.catalina.core.ContainerBase.addChildInternal(ContainerBase.java:802)
	at org.apache.catalina.core.ContainerBase.addChild(ContainerBase.java:779)
	at org.apache.catalina.core.StandardHost.addChild(StandardHost.java:583)
	at org.apache.catalina.startup.HostConfig.deployDescriptor(HostConfig.java:675)
	at org.apache.catalina.startup.HostConfig.deployDescriptors(HostConfig.java:601)
	at org.apache.catalina.startup.HostConfig.deployApps(HostConfig.java:502)
	at org.apache.catalina.startup.HostConfig.start(HostConfig.java:1317)
	at org.apache.catalina.startup.HostConfig.lifecycleEvent(HostConfig.java:324)
	at org.apache.catalina.util.LifecycleSupport.fireLifecycleEvent(LifecycleSupport.java:142)
	at org.apache.catalina.core.ContainerBase.start(ContainerBase.java:1068)
	at org.apache.catalina.core.StandardHost.start(StandardHost.java:822)
	at org.apache.catalina.core.ContainerBase.start(ContainerBase.java:1060)
	at org.apache.catalina.core.StandardEngine.start(StandardEngine.java:463)
	at org.apache.catalina.core.StandardService.start(StandardService.java:525)
	at org.apache.catalina.core.StandardServer.start(StandardServer.java:759)
	at org.apache.catalina.startup.Catalina.start(Catalina.java:595)
	at sun.reflect.NativeMethodAccessorImpl.invoke0(Native Method)
	at sun.reflect.NativeMethodAccessorImpl.invoke(NativeMethodAccessorImpl.java:57)
	at sun.reflect.DelegatingMethodAccessorImpl.invoke(DelegatingMethodAccessorImpl.java:43)
	at java.lang.reflect.Method.invoke(Method.java:606)
	at org.apache.catalina.startup.Bootstrap.start(Bootstrap.java:289)
	at org.apache.catalina.startup.Bootstrap.main(Bootstrap.java:414)

Mar 22, 2015 11:07:39 AM org.apache.catalina.core.StandardContext start
SEVERE: Error in resourceStart()
Mar 22, 2015 11:07:39 AM org.apache.catalina.core.StandardContext start
SEVERE: Error getConfigured
Mar 22, 2015 11:07:39 AM org.apache.catalina.core.StandardContext start
SEVERE: Context [/host-manager] startup failed due to previous errors
Mar 22, 2015 11:07:39 AM org.apache.catalina.core.StandardContext stop
INFO: Container org.apache.catalina.core.ContainerBase.[Catalina].[localhost].[/host-manager] has not been started
Mar 22, 2015 11:07:39 AM org.apache.catalina.startup.HostConfig deployDescriptor
INFO: Deploying configuration descriptor manager.xml
Mar 22, 2015 11:07:39 AM org.apache.catalina.core.StandardContext resourcesStart
SEVERE: Error starting static Resources
java.lang.IllegalArgumentException: Document base /Users/liang/coding/webx3-templates/control/apache/webapps/manager does not exist or is not a readable directory
	at org.apache.naming.resources.FileDirContext.setDocBase(FileDirContext.java:142)
	at org.apache.catalina.core.StandardContext.resourcesStart(StandardContext.java:4324)
	at org.apache.catalina.core.StandardContext.start(StandardContext.java:4493)
	at org.apache.catalina.core.ContainerBase.addChildInternal(ContainerBase.java:802)
	at org.apache.catalina.core.ContainerBase.addChild(ContainerBase.java:779)
	at org.apache.catalina.core.StandardHost.addChild(StandardHost.java:583)
	at org.apache.catalina.startup.HostConfig.deployDescriptor(HostConfig.java:675)
	at org.apache.catalina.startup.HostConfig.deployDescriptors(HostConfig.java:601)
	at org.apache.catalina.startup.HostConfig.deployApps(HostConfig.java:502)
	at org.apache.catalina.startup.HostConfig.start(HostConfig.java:1317)
	at org.apache.catalina.startup.HostConfig.lifecycleEvent(HostConfig.java:324)
	at org.apache.catalina.util.LifecycleSupport.fireLifecycleEvent(LifecycleSupport.java:142)
	at org.apache.catalina.core.ContainerBase.start(ContainerBase.java:1068)
	at org.apache.catalina.core.StandardHost.start(StandardHost.java:822)
	at org.apache.catalina.core.ContainerBase.start(ContainerBase.java:1060)
	at org.apache.catalina.core.StandardEngine.start(StandardEngine.java:463)
	at org.apache.catalina.core.StandardService.start(StandardService.java:525)
	at org.apache.catalina.core.StandardServer.start(StandardServer.java:759)
	at org.apache.catalina.startup.Catalina.start(Catalina.java:595)
	at sun.reflect.NativeMethodAccessorImpl.invoke0(Native Method)
	at sun.reflect.NativeMethodAccessorImpl.invoke(NativeMethodAccessorImpl.java:57)
	at sun.reflect.DelegatingMethodAccessorImpl.invoke(DelegatingMethodAccessorImpl.java:43)
	at java.lang.reflect.Method.invoke(Method.java:606)
	at org.apache.catalina.startup.Bootstrap.start(Bootstrap.java:289)
	at org.apache.catalina.startup.Bootstrap.main(Bootstrap.java:414)

Mar 22, 2015 11:07:39 AM org.apache.catalina.core.StandardContext start
SEVERE: Error in resourceStart()
Mar 22, 2015 11:07:39 AM org.apache.catalina.core.StandardContext start
SEVERE: Error getConfigured
Mar 22, 2015 11:07:39 AM org.apache.catalina.core.StandardContext start
SEVERE: Context [/manager] startup failed due to previous errors
Mar 22, 2015 11:07:39 AM org.apache.catalina.core.StandardContext stop
INFO: Container org.apache.catalina.core.ContainerBase.[Catalina].[localhost].[/manager] has not been started
Mar 22, 2015 11:07:40 AM org.apache.coyote.http11.Http11Protocol start
INFO: Starting Coyote HTTP/1.1 on http-8080
Mar 22, 2015 11:07:40 AM org.apache.jk.common.ChannelSocket init
INFO: JK: ajp13 listening on /0.0.0.0:8009
Mar 22, 2015 11:07:40 AM org.apache.jk.server.JkMain start
INFO: Jk running ID=0 time=0/30  config=null
Mar 22, 2015 11:07:40 AM org.apache.catalina.startup.Catalina start
INFO: Server startup in 16855 ms
Mar 22, 2015 11:09:16 AM org.apache.coyote.http11.Http11Protocol pause
INFO: Pausing Coyote HTTP/1.1 on http-8080
Mar 22, 2015 11:09:17 AM org.apache.catalina.core.StandardService stop
INFO: Stopping service Catalina
Mar 22, 2015 11:09:17 AM org.apache.catalina.loader.WebappClassLoader clearReferencesJdbc
SEVERE: The web application [/petstore] registered the JDBC driver [org.hsqldb.jdbcDriver] but failed to unregister it when the web application was stopped. To prevent a memory leak, the JDBC Driver has been forcibly unregistered.
Mar 22, 2015 11:09:17 AM org.apache.catalina.loader.WebappClassLoader checkThreadLocalMapForLeaks
SEVERE: The web application [/petstore] created a ThreadLocal with key of type [java.lang.ThreadLocal] (value [java.lang.ThreadLocal@741179fc]) and a value of type [com.alibaba.sample.petstore.web.common.PetstoreUser] (value [PetstoreUser[anonymous, roles=]]) but failed to remove it when the web application was stopped. This is very likely to create a memory leak.
Mar 22, 2015 11:09:17 AM org.apache.catalina.loader.WebappClassLoader checkThreadLocalMapForLeaks
SEVERE: The web application [/petstore] created a ThreadLocal with key of type [java.lang.ThreadLocal] (value [java.lang.ThreadLocal@275fcaec]) and a value of type [com.alibaba.citrus.util.i18n.LocaleInfo] (value [zh_CN:UTF-8]) but failed to remove it when the web application was stopped. This is very likely to create a memory leak.
Mar 22, 2015 11:09:17 AM org.apache.catalina.loader.WebappClassLoader checkThreadLocalMapForLeaks
SEVERE: The web application [/petstore] created a ThreadLocal with key of type [java.lang.ThreadLocal] (value [java.lang.ThreadLocal@2036026]) and a value of type [com.ibatis.sqlmap.engine.mapping.result.ResultObjectFactoryUtil.FactorySettings] (value [com.ibatis.sqlmap.engine.mapping.result.ResultObjectFactoryUtil$FactorySettings@6fca908d]) but failed to remove it when the web application was stopped. This is very likely to create a memory leak.
Mar 22, 2015 11:09:17 AM org.apache.catalina.loader.WebappClassLoader checkThreadLocalMapForLeaks
SEVERE: The web application [/petstore] created a ThreadLocal with key of type [com.alibaba.citrus.service.requestcontext.util.tomcat.ServerCookie$1] (value [com.alibaba.citrus.service.requestcontext.util.tomcat.ServerCookie$1@65169a7f]) and a value of type [java.text.SimpleDateFormat] (value [java.text.SimpleDateFormat@a99420e6]) but failed to remove it when the web application was stopped. This is very likely to create a memory leak.
Mar 22, 2015 11:09:17 AM org.apache.catalina.loader.WebappClassLoader checkThreadLocalMapForLeaks
SEVERE: The web application [/petstore] created a ThreadLocal with key of type [java.lang.ThreadLocal] (value [java.lang.ThreadLocal@741179fc]) and a value of type [com.alibaba.sample.petstore.web.common.PetstoreUser] (value [PetstoreUser[anonymous, roles=]]) but failed to remove it when the web application was stopped. This is very likely to create a memory leak.
Mar 22, 2015 11:09:17 AM org.apache.catalina.loader.WebappClassLoader checkThreadLocalMapForLeaks
SEVERE: The web application [/petstore] created a ThreadLocal with key of type [java.lang.ThreadLocal] (value [java.lang.ThreadLocal@275fcaec]) and a value of type [com.alibaba.citrus.util.i18n.LocaleInfo] (value [zh_CN:UTF-8]) but failed to remove it when the web application was stopped. This is very likely to create a memory leak.
Mar 22, 2015 11:09:17 AM org.apache.coyote.http11.Http11Protocol destroy
INFO: Stopping Coyote HTTP/1.1 on http-8080
